\BOOKMARK [1][-]{section.1}{\376\377\000G\001\060\000R\001\060\001\136\000\040\000V\000E\000\040\000P\000R\000O\000B\000L\000E\000M\000\040\000T\000A\000N\000I\000M\000I}{}% 1
\BOOKMARK [2][-]{subsection.1.1}{\376\377\000M\000e\000v\000c\000u\000t\000\040\000D\000u\000r\000u\000m\000u\000n\000\040\000D\000e\000r\000i\000n\000l\000e\000m\000e\000s\000i\000n\000e\000\040\000A\000n\000a\000l\000i\000z\000i}{section.1}% 2
\BOOKMARK [2][-]{subsection.1.2}{\376\377\000A\000r\000a\001\137\000t\001\061\000r\000m\000a\000n\001\061\000n\000\040\000G\000e\000n\000i\001\137\000l\000e\000t\000i\000l\000m\000i\001\137\000\040\000A\000m\000a\000c\001\061\000\040\000v\000e\000\040\000S\000t\000r\000a\000t\000e\000j\000i\000k\000\040\000K\000a\000p\000s\000a\000m\001\061}{section.1}% 3
\BOOKMARK [1][-]{section.2}{\376\377\000P\000R\000O\000J\000E\000N\001\060\000N\000\040\000G\000E\000L\001\060\001\136\000T\001\060\000R\001\060\000L\000M\000E\000\040\000S\000\334\000R\000E\000C\001\060\000\040\000V\000E\000\040\000A\001\136\000A\000M\000A\000L\000A\000R\000I}{}% 4
\BOOKMARK [2][-]{subsection.2.1}{\376\377\000F\000i\000k\000i\000r\000\040\000A\001\137\000a\000m\000a\000s\001\061\000\040\000v\000e\000\040\001\060\000h\000t\000i\000y\000a\000\347\000\040\000A\000n\000a\000l\000i\000z\000i}{section.2}% 5
\BOOKMARK [2][-]{subsection.2.2}{\376\377\000K\000a\000v\000r\000a\000m\000s\000a\000l\000\040\000T\000a\000s\000a\000r\001\061\000m\000\040\000v\000e\000\040\000L\000i\000t\000e\000r\000a\000t\000\374\000r\000\040\000T\000a\000r\000a\000m\000a\000s\001\061}{section.2}% 6
\BOOKMARK [2][-]{subsection.2.3}{\376\377\000T\000\334\000B\001\060\000T\000A\000K\000\040\000P\000r\000o\000j\000e\000\040\000B\000a\001\137\000v\000u\000r\000u\000s\000u\000\040\000v\000e\000\040\000K\000a\000b\000u\000l\000\040\000S\000\374\000r\000e\000c\000i}{section.2}% 7
\BOOKMARK [1][-]{section.3}{\376\377\000R\000E\000F\000L\000O\000w\000\040\000S\001\060\000S\000T\000E\000M\001\060\000\040\000A\000P\000I\000\040\000M\001\060\000M\000A\000R\001\060\000S\001\060\000\040\000V\000E\000\040\000D\000E\000T\000A\000Y\000L\000A\000R\000I}{}% 8
\BOOKMARK [2][-]{subsection.3.1}{\376\377\000K\000i\000m\000l\000i\000k\000\040\000D\000o\001\037\000r\000u\000l\000a\000m\000a\000\040\000v\000e\000\040\000Y\000e\000t\000k\000i\000l\000e\000n\000d\000i\000r\000m\000e\000\040\000A\000P\000I\000'\000l\000e\000r\000i}{section.3}% 9
\BOOKMARK [2][-]{subsection.3.2}{\376\377\000S\000e\000n\000s\000\366\000r\000\040\000V\000e\000r\000i\000\040\000Y\000\366\000n\000e\000t\000i\000m\000i\000\040\000v\000e\000\040\001\060\000z\000l\000e\000m\000e\000\040\000A\000P\000I\000'\000l\000e\000r\000i}{section.3}% 10
\BOOKMARK [2][-]{subsection.3.3}{\376\377\000K\000a\000l\000i\000t\000e\000\040\000K\000o\000n\000t\000r\000o\000l\000\040\000v\000e\000\040\000Y\000a\000p\000a\000y\000\040\000Z\000e\000k\000a\000\040\000A\000P\000I\000'\000l\000e\000r\000i}{section.3}% 11
\BOOKMARK [1][-]{section.4}{\376\377\000L\001\060\000T\000E\000R\000A\000T\000\334\000R\000\040\000T\000A\000R\000A\000M\000A\000S\000I\000\040\000V\000E\000\040\000T\000E\000O\000R\001\060\000K\000\040\000\307\000E\000R\000\307\000E\000V\000E}{}% 12
\BOOKMARK [2][-]{subsection.4.1}{\376\377\000E\000n\000d\000\374\000s\000t\000r\000i\000y\000e\000l\000\040\000A\000t\001\061\000k\000\040\000Y\000\366\000n\000e\000t\000i\000m\000i\000n\000d\000e\000\040\000E\000k\000o\000n\000o\000m\000i\000k\000\040\000Y\000a\000k\000l\000a\001\137\001\061\000m\000l\000a\000r}{section.4}% 13
\BOOKMARK [2][-]{subsection.4.2}{\376\377\000P\000e\000n\000e\000t\000r\000a\000n\000t\000\040\000T\000e\000s\000t\000\040\000T\000e\000k\000n\000o\000l\000o\000j\000i\000l\000e\000r\000i\000n\000d\000e\000\040\001\060\000n\000o\000v\000a\000s\000y\000o\000n\000l\000a\000r\000\040\000v\000e\000\040\000S\000\374\000r\000d\000\374\000r\000\374\000l\000e\000b\000i\000l\000i\000r\000l\000i\000k}{section.4}% 14
\BOOKMARK [2][-]{subsection.4.3}{\376\377\000I\000o\000T\000\040\000v\000e\000\040\000E\000n\000d\000\374\000s\000t\000r\000i\000\040\0004\000.\0000\000'\001\061\000n\000\040\000E\000n\000d\000\374\000s\000t\000r\000i\000y\000e\000l\000\040\000V\000e\000r\000i\000m\000l\000i\000l\000i\000k\000\040\000v\000e\000\040\000E\000k\000o\000n\000o\000m\000i\000y\000e\000\040\000E\000t\000k\000i\000l\000e\000r\000i}{section.4}% 15
\BOOKMARK [1][-]{section.5}{\376\377\000M\000E\000T\000O\000D\000O\000L\000O\000J\001\060\000\040\000V\000E\000\040\000K\000A\000P\000S\000A\000M\000L\000I\000\040\000S\001\060\000S\000T\000E\000M\000\040\000T\000A\000S\000A\000R\000I\000M\000I}{}% 16
\BOOKMARK [2][-]{subsection.5.1}{\376\377\000A\000r\000a\001\137\000t\001\061\000r\000m\000a\000\040\000M\000e\000t\000o\000d\000o\000l\000o\000j\000i\000s\000i\000n\000i\000n\000\040\000D\000e\000t\000a\000y\000l\000a\000n\000d\001\061\000r\001\061\000l\000m\000a\000s\001\061}{section.5}% 17
\BOOKMARK [2][-]{subsection.5.2}{\376\377\000R\000e\000F\000l\000o\000w\000\040\000S\000i\000s\000t\000e\000m\000\040\000M\000i\000m\000a\000r\000i\000s\000i\000\040\000v\000e\000\040\000T\000e\000k\000n\000o\000l\000o\000j\000i\000k\000\040\000B\000i\000l\000e\001\137\000e\000n\000l\000e\000r\000i}{section.5}% 18
\BOOKMARK [2][-]{subsection.5.3}{\376\377\000U\000l\000t\000r\000a\000s\000o\000n\000i\000k\000\040\000F\000i\000l\000t\000r\000e\000l\000e\000m\000e\000\040\000T\000e\000k\000n\000o\000l\000o\000j\000i\000s\000i}{section.5}% 19
\BOOKMARK [1][-]{section.6}{\376\377\000P\001\060\000L\000O\000T\000\040\000U\000Y\000G\000U\000L\000A\000M\000A\000\040\000V\000E\000\040\000D\000E\000N\000E\000Y\000S\000E\000L\000\040\000S\000O\000N\000U\000\307\000L\000A\000R\000I\000N\000\040\000D\000E\000T\000A\000Y\000L\000I\000\040\001\060\000R\000D\000E\000L\000E\000N\000M\000E\000S\001\060}{}% 20
\BOOKMARK [2][-]{subsection.6.1}{\376\377\000T\000e\000s\000t\000\040\000S\000a\000h\000a\000s\001\061\000\040\000K\000u\000r\000u\000l\000u\000m\000u\000\040\000v\000e\000\040\000O\000p\000e\000r\000a\000s\000y\000o\000n\000e\000l\000\040\000K\000o\001\137\000u\000l\000l\000a\000r}{section.6}% 21
\BOOKMARK [2][-]{subsection.6.2}{\376\377\000P\000e\000r\000f\000o\000r\000m\000a\000n\000s\000\040\000M\000e\000t\000r\000i\000k\000l\000e\000r\000i\000\040\000v\000e\000\040\000D\000e\001\037\000e\000r\000l\000e\000n\000d\000i\000r\000m\000e\000\040\000K\000r\000i\000t\000e\000r\000l\000e\000r\000i}{section.6}% 22
\BOOKMARK [1][-]{section.7}{\376\377\000K\000A\000P\000S\000A\000M\000L\000I\000\040\000E\000K\000O\000N\000O\000M\001\060\000K\000\040\000A\000N\000A\000L\001\060\000Z\000\040\000V\000E\000\040\000M\000A\000L\001\060\000Y\000E\000T\000-\000F\000A\000Y\000D\000A\000\040\000D\000E\001\036\000E\000R\000L\000E\000N\000D\001\060\000R\000M\000E\000S\001\060}{}% 23
\BOOKMARK [2][-]{subsection.7.1}{\376\377\000Y\000a\000t\001\061\000r\001\061\000m\000\040\000M\000a\000l\000i\000y\000e\000t\000l\000e\000r\000i\000n\000i\000n\000\040\000D\000e\000t\000a\000y\000l\001\061\000\040\000D\000\366\000k\000\374\000m\000\374}{section.7}% 24
\BOOKMARK [2][-]{subsection.7.2}{\376\377\000N\000e\000t\000\040\000B\000u\000g\000\374\000n\000k\000\374\000\040\000D\000e\001\037\000e\000r\000\040\000v\000e\000\040\000G\000e\000r\000i\000\040\000\326\000d\000e\000m\000e\000\040\000A\000n\000a\000l\000i\000z\000i}{section.7}% 25
\BOOKMARK [2][-]{subsection.7.3}{\376\377\000S\000e\000k\000t\000\366\000r\000e\000l\000\040\000E\000t\000k\000i\000\040\000v\000e\000\040\000M\000a\000k\000r\000o\000e\000k\000o\000n\000o\000m\000i\000k\000\040\000D\000e\001\037\000e\000r\000l\000e\000n\000d\000i\000r\000m\000e}{section.7}% 26
\BOOKMARK [1][-]{section.8}{\376\377\000T\000E\000K\000N\000O\000L\000O\000J\001\060\000\040\000T\000R\000A\000N\000S\000F\000E\000R\001\060\000\040\000V\000E\000\040\000T\001\060\000C\000A\000R\001\060\000L\000E\001\136\000M\000E\000\040\000S\000T\000R\000A\000T\000E\000J\001\060\000L\000E\000R\001\060}{}% 27
\BOOKMARK [2][-]{subsection.8.1}{\376\377\000F\000i\000k\000r\000i\000\040\000M\000\374\000l\000k\000i\000y\000e\000t\000\040\000H\000a\000k\000l\000a\000r\001\061\000\040\000v\000e\000\040\000P\000a\000t\000e\000n\000t\000\040\000S\000t\000r\000a\000t\000e\000j\000i\000s\000i}{section.8}% 28
\BOOKMARK [2][-]{subsection.8.2}{\376\377\000P\000a\000z\000a\000r\000\040\000P\000e\000n\000e\000t\000r\000a\000s\000y\000o\000n\000\040\000M\000o\000d\000e\000l\000i}{section.8}% 29
\BOOKMARK [1][-]{section.9}{\376\377\000S\000O\000N\000U\000\307\000\040\000V\000E\000\040\000\326\000N\000E\000R\001\060\000L\000E\000R}{}% 30
