\BOOKMARK [1][-]{section.1}{\376\377\000G\000i\000r\000i\001\137}{}% 1
\BOOKMARK [2][-]{subsection.1.1}{\376\377\000P\000r\000o\000b\000l\000e\000m\000\040\000T\000a\000n\001\061\000m\001\061}{section.1}% 2
\BOOKMARK [2][-]{subsection.1.2}{\376\377\000\307\000a\000l\001\061\001\137\000m\000a\000n\001\061\000n\000\040\000A\000m\000a\000c\001\061}{section.1}% 3
\BOOKMARK [1][-]{section.2}{\376\377\000L\000i\000t\000e\000r\000a\000t\000\374\000r\000\040\000T\000a\000r\000a\000m\000a\000s\001\061}{}% 4
\BOOKMARK [2][-]{subsection.2.1}{\376\377\000P\000e\000n\000e\000t\000r\000a\000n\000t\000\040\000T\000e\000s\000t\000\040\000T\000e\000k\000n\000o\000l\000o\000j\000i\000l\000e\000r\000i}{section.2}% 5
\BOOKMARK [2][-]{subsection.2.2}{\376\377\000A\000t\001\061\000k\000\040\000A\000z\000a\000l\000t\001\061\000m\000\040\000S\000t\000r\000a\000t\000e\000j\000i\000l\000e\000r\000i}{section.2}% 6
\BOOKMARK [2][-]{subsection.2.3}{\376\377\000I\000o\000T\000\040\000v\000e\000\040\000A\000k\001\061\000l\000l\001\061\000\040\001\060\000z\000l\000e\000m\000e\000\040\000S\000i\000s\000t\000e\000m\000l\000e\000r\000i}{section.2}% 7
\BOOKMARK [2][-]{subsection.2.4}{\376\377\000Y\000a\000p\000a\000y\000\040\000Z\000e\000k\000a\000\040\000D\000e\000s\000t\000e\000k\000l\000i\000\040\000K\000u\000s\000u\000r\000\040\000T\000e\000s\000p\000i\000t\000i}{section.2}% 8
\BOOKMARK [1][-]{section.3}{\376\377\000M\000e\000t\000o\000d\000o\000l\000o\000j\000i}{}% 9
\BOOKMARK [2][-]{subsection.3.1}{\376\377\000S\000i\000s\000t\000e\000m\000\040\000T\000a\000s\000a\000r\001\061\000m\001\061}{section.3}% 10
\BOOKMARK [2][-]{subsection.3.2}{\376\377\000F\000i\000l\000t\000r\000e\000l\000e\000m\000e\000\040\000T\000e\000k\000n\000o\000l\000o\000j\000i\000s\000i}{section.3}% 11
\BOOKMARK [2][-]{subsection.3.3}{\376\377\000S\000e\000n\000s\000\366\000r\000\040\000A\001\037\001\061\000\040\000v\000e\000\040\000V\000e\000r\000i\000\040\000T\000o\000p\000l\000a\000m\000a}{section.3}% 12
\BOOKMARK [1][-]{section.4}{\376\377\000D\000e\000n\000e\000y\000s\000e\000l\000\040\000\307\000a\000l\001\061\001\137\000m\000a\000\040\000v\000e\000\040\000S\000o\000n\000u\000\347\000l\000a\000r}{}% 13
\BOOKMARK [2][-]{subsection.4.1}{\376\377\000T\000e\000s\000t\000\040\000D\000\374\000z\000e\000n\000e\001\037\000i}{section.4}% 14
\BOOKMARK [2][-]{subsection.4.2}{\376\377\000P\000e\000r\000f\000o\000r\000m\000a\000n\000s\000\040\000D\000e\001\037\000e\000r\000l\000e\000n\000d\000i\000r\000m\000e\000s\000i}{section.4}% 15
\BOOKMARK [2][-]{subsection.4.3}{\376\377\000K\000a\000l\000i\000t\000e\000\040\000A\000n\000a\000l\000i\000z\000i}{section.4}% 16
\BOOKMARK [2][-]{subsection.4.4}{\376\377\000E\000k\000o\000n\000o\000m\000i\000k\000\040\000A\000n\000a\000l\000i\000z}{section.4}% 17
\BOOKMARK [3][-]{subsubsection.4.4.1}{\376\377\000M\000a\000l\000i\000y\000e\000t\000\040\000A\000n\000a\000l\000i\000z\000i}{subsection.4.4}% 18
\BOOKMARK [3][-]{subsubsection.4.4.2}{\376\377\000Y\001\061\000l\000l\001\061\000k\000\040\000T\000a\000s\000a\000r\000r\000u\000f\000\040\000H\000e\000s\000a\000p\000l\000a\000m\000a}{subsection.4.4}% 19
\BOOKMARK [3][-]{subsubsection.4.4.3}{\376\377\000G\000e\000r\000i\000\040\000\326\000d\000e\000m\000e\000\040\000S\000\374\000r\000e\000s\000i}{subsection.4.4}% 20
\BOOKMARK [2][-]{subsection.4.5}{\376\377\000\307\000e\000v\000r\000e\000s\000e\000l\000\040\000E\000t\000k\000i\000\040\000D\000e\001\037\000e\000r\000l\000e\000n\000d\000i\000r\000m\000e\000s\000i}{section.4}% 21
\BOOKMARK [3][-]{subsubsection.4.5.1}{\376\377\000K\000a\000r\000b\000o\000n\000\040\000A\000y\000a\000k\000\040\001\060\000z\000i\000\040\000A\000n\000a\000l\000i\000z\000i}{subsection.4.5}% 22
\BOOKMARK [3][-]{subsubsection.4.5.2}{\376\377\000Y\000a\001\137\000a\000m\000\040\000D\000\366\000n\000g\000\374\000s\000\374\000\040\000D\000e\001\037\000e\000r\000l\000e\000n\000d\000i\000r\000m\000e\000s\000i}{subsection.4.5}% 23
\BOOKMARK [1][-]{section.5}{\376\377\000E\000n\000d\000\374\000s\000t\000r\000i\000y\000e\000l\000\040\000U\000y\000g\000u\000l\000a\000m\000a\000\040\000P\000o\000t\000a\000n\000s\000i\000y\000e\000l\000i}{}% 24
\BOOKMARK [2][-]{subsection.5.1}{\376\377\000T\000\374\000r\000k\000i\000y\000e\000\040\000H\000a\000v\000a\000c\001\061\000l\001\061\000k\000\040\000S\000e\000k\000t\000\366\000r\000\374\000\040\000A\000n\000a\000l\000i\000z\000i}{section.5}% 25
\BOOKMARK [2][-]{subsection.5.2}{\376\377\000T\000e\000k\000n\000o\000l\000o\000j\000i\000\040\000T\000r\000a\000n\000s\000f\000e\000r\000\040\000P\000o\000t\000a\000n\000s\000i\000y\000e\000l\000i}{section.5}% 26
\BOOKMARK [1][-]{section.6}{\376\377\000Z\000o\000r\000l\000u\000k\000l\000a\000r\000\040\000v\000e\000\040\000S\001\061\000n\001\061\000r\000l\000a\000m\000a\000l\000a\000r}{}% 27
\BOOKMARK [2][-]{subsection.6.1}{\376\377\000T\000e\000k\000n\000i\000k\000\040\000S\001\061\000n\001\061\000r\000l\000a\000m\000a\000l\000a\000r}{section.6}% 28
\BOOKMARK [2][-]{subsection.6.2}{\376\377\000E\000k\000o\000n\000o\000m\000i\000k\000\040\000Z\000o\000r\000l\000u\000k\000l\000a\000r}{section.6}% 29
\BOOKMARK [1][-]{section.7}{\376\377\000G\000e\000l\000e\000c\000e\000k\000\040\000\307\000a\000l\001\061\001\137\000m\000a\000l\000a\000r}{}% 30
\BOOKMARK [2][-]{subsection.7.1}{\376\377\000S\000i\000s\000t\000e\000m\000\040\000G\000e\000l\000i\001\137\000t\000i\000r\000m\000e\000l\000e\000r\000i}{section.7}% 31
\BOOKMARK [2][-]{subsection.7.2}{\376\377\000\326\000l\000\347\000e\000k\000l\000e\000n\000d\000i\000r\000m\000e\000\040\000\307\000a\000l\001\061\001\137\000m\000a\000l\000a\000r\001\061}{section.7}% 32
\BOOKMARK [1][-]{section.8}{\376\377\000S\000o\000n\000u\000\347}{}% 33
